 Version 1.0.0 
 SPARK_JOB_TYPE : IndependentAnalytics
 PARTITION : 4
 SPARK_CONTEXT_TYPE : LOCAL

Start Time : Tue Jul 18 22:07:45 IST 2017
Independent Analysis of attributes: 
###########################################################
Events : 

( Event : Page Viewed,	Count : 69511 )
( Event : Course card clicked,	Count : 5510 )
( Event : scroll,	Count : 2968 )
( Event : Show More Syllabus Click,	Count : 2785 )
( Event : View Section,	Count : 2696 )
( Event : Video closed,	Count : 2209 )
( Event : Apply Now Click,	Count : 2072 )
( Event : Video Viewed,	Count : 1863 )
( Event : View Syllabus Click,	Count : 1794 )
( Event : Application Step Complete,	Count : 1639 )
( Event : Login,	Count : 1220 )
( Event : View Details Click,	Count : 975 )
( Event : View Program Click,	Count : 945 )
( Event : Start Application,	Count : 890 )
( Event : Video Finished,	Count : 752 )
( Event : New Lead Captured,	Count : 652 )
( Event : Payment Page View,	Count : 561 )
( Event : Submit Application,	Count : 374 )
( Event : User Requested Syllabus,	Count : 326 )
( Event : Request Information Click,	Count : 306 )
( Event : company Talks clicked,	Count : 213 )
( Event : company Blog clicked,	Count : 201 )
( Event : Notify Me,	Count : 184 )
( Event : Request Information Submit,	Count : 100 )
( Event : Loan Options Click,	Count : 93 )
( Event : Payment Successful,	Count : 92 )
( Event : Payment Failed,	Count : 33 )
( Event : Event Registration,	Count : 32 )
( Event : Loan Option,	Count : 21 )
###########################################################



distinct_ids : 

( distinct_id : 311124,	Count : 5 )
( distinct_id : 466847,	Count : 5 )
( distinct_id : 6970,	Count : 4 )
( distinct_id : 452566,	Count : 4 )
( distinct_id : 242389,	Count : 4 )
( distinct_id : 43843,	Count : 4 )
( distinct_id : 279125,	Count : 4 )
( distinct_id : 255662,	Count : 4 )
( distinct_id : 341550,	Count : 4 )
( distinct_id : 253833,	Count : 4 )
( distinct_id : 110635,	Count : 4 )
( distinct_id : 160419,	Count : 4 )
( distinct_id : 380462,	Count : 4 )
( distinct_id : 377848,	Count : 4 )
( distinct_id : 435920,	Count : 4 )
( distinct_id : 161647,	Count : 4 )
( distinct_id : 282272,	Count : 4 )
( distinct_id : 76499,	Count : 4 )
( distinct_id : 311480,	Count : 4 )
( distinct_id : 220413,	Count : 4 )
( distinct_id : 116800,	Count : 4 )
( distinct_id : 140003,	Count : 4 )
( distinct_id : 68440,	Count : 4 )
( distinct_id : 12292,	Count : 4 )
( distinct_id : 116202,	Count : 4 )
( distinct_id : 335381,	Count : 4 )
( distinct_id : 263431,	Count : 4 )
( distinct_id : 488223,	Count : 4 )
( distinct_id : 277672,	Count : 4 )
( distinct_id : 41576,	Count : 4 )
( distinct_id : 463165,	Count : 4 )
( distinct_id : 27374,	Count : 4 )
( distinct_id : 336416,	Count : 4 )
( distinct_id : 105867,	Count : 4 )
( distinct_id : 202344,	Count : 4 )
( distinct_id : 60009,	Count : 4 )
( distinct_id : 468886,	Count : 3 )
( distinct_id : 374392,	Count : 3 )
( distinct_id : 331287,	Count : 3 )
( distinct_id : 253664,	Count : 3 )
###########################################################



cities : 

( city : Mumbai,	Count : 13531 )
( city : ,	Count : 13269 )
( city : Bengaluru,	Count : 12944 )
( city : Pune,	Count : 8475 )
( city : Hyderabad,	Count : 7533 )
( city : Delhi,	Count : 4828 )
( city : Kolkata,	Count : 2945 )
( city : Pasadena,	Count : 2639 )
( city : Gurgaon,	Count : 2425 )
( city : Chennai,	Count : 2206 )
( city : Ahmedabad,	Count : 2178 )
( city : Noida,	Count : 1849 )
( city : New Delhi,	Count : 1836 )
( city : Singapore,	Count : 1595 )
( city : Thane,	Count : 1469 )
( city : Jaipur,	Count : 809 )
( city : Menlo Park,	Count : 734 )
( city : Indore,	Count : 651 )
( city : Faridabad,	Count : 581 )
( city : Bhopal,	Count : 500 )
( city : Ghaziabad,	Count : 495 )
( city : Mountain View,	Count : 475 )
( city : Jalalpur,	Count : 473 )
( city : Siuri,	Count : 408 )
( city : Vadodara,	Count : 395 )
( city : Jakarta,	Count : 343 )
( city : Chandigarh,	Count : 326 )
( city : Bhubaneswar,	Count : 305 )
( city : Vijayawada,	Count : 296 )
( city : Nagar,	Count : 270 )
( city : Secunderabad,	Count : 263 )
( city : Lucknow,	Count : 258 )
( city : Thrissur,	Count : 214 )
( city : Visakhapatnam,	Count : 209 )
( city : Coimbatore,	Count : 204 )
( city : Thiruvananthapuram,	Count : 201 )
( city : Bhawan,	Count : 195 )
( city : Patna,	Count : 189 )
( city : London,	Count : 182 )
( city : Dubai,	Count : 180 )
###########################################################



current_urls : 

( current_url : https://company.com/,	Count : 14115 )
( current_url : https://company.com/programs/data-analytics/,	Count : 4754 )
( current_url : https://company.com/#programs,	Count : 3356 )
( current_url : http://osevak.com/,	Count : 3166 )
( current_url : http://divonym.com/,	Count : 3047 )
( current_url : http://vihima.com/,	Count : 2647 )
( current_url : https://company.com/programs/digital-marketing/,	Count : 2608 )
( current_url : https://company.com/programs/entrepreneurship/,	Count : 2482 )
( current_url : https://company.com/programs/entrepreneurship/?utm_source=Instapage&utm_medium=Thankyoupage&utm_term=SUWU_Instapage_Workshop_25Aug&utm_content=SUWU_Instapage_Workshop_25Aug&utm_campaign=SUWU_Instapage_Workshop_25Aug,	Count : 2134 )
( current_url : https://company.com/programs/product-management/,	Count : 1854 )
( current_url : https://company.com/programs/data-analytics/?utm_source=IIITB&utm_medium=referral&utm_campaign=IIITB_Website&utm_content=IIITB_Website&utm_term=IIITB_Website%3Ehttps://company.com/programs/data-analytics?utm_source=IIITB&utm_medium=referral&utm_campaign=III,	Count : 1751 )
( current_url : http://sangamitra.org/,	Count : 1739 )
( current_url : http://comudef.com/,	Count : 1718 )
( current_url : https://company.com/programs/entrepreneurship/?utm_source=Lenskart&utm_medium=PostForm&utm_content=Lenskart_Scholarship_PostForm_Submission&utm_campaign=Lenskart_Scholarship_PostForm_Submission&utm_term=Lenskart_Scholarship_PostForm_Submission,	Count : 1316 )
( current_url : https://company.com/programs/android/,	Count : 1306 )
( current_url : https://company.com/careers/,	Count : 1236 )
( current_url : http://samudor.com/,	Count : 1191 )
( current_url : https://company.com/programs/entrepreneurship/?utm_source=Instapage&utm_medium=Thankyoupage&utm_term=SUWU_Instapage_Conclave_25Sept&utm_content=SUWU_Instapage_Conclave_25Sept&utm_campaign=SUWU_Instapage_Conclave_25Sept,	Count : 1144 )
( current_url : https://company.com/programs/data-analytics/#curriculum,	Count : 1140 )
( current_url : http://poomany.com/,	Count : 1002 )
( current_url : https://company.com/programs/android/?utm_source=Facebook&utm_medium=Paid_social&utm_campaign=AD_Sep_2016_CTWD&utm_term=LaunchYourCareer-0_AD_Sep_2016_CTWD_Interest_ADLookalike1_22_26_LinkAd_09Aug2016&utm_content=AD_Sep_2016_CTWD_Interest_ADLookalike1_22_2,	Count : 963 )
( current_url : http://navyuv.org/,	Count : 944 )
( current_url : https://company.com/about/,	Count : 861 )
( current_url : https://company.com/programs/data-analytics/#course-highlights,	Count : 836 )
( current_url : http://girjan.com/,	Count : 800 )
( current_url : https://company.com/applications/,	Count : 798 )
( current_url : http://sarvador.com/,	Count : 729 )
( current_url : https://company.com/contact/,	Count : 713 )
( current_url : https://company.com/programs/data-analytics/#faqs,	Count : 676 )
( current_url : http://samvian.com/,	Count : 590 )
( current_url : https://company.com/programs/data-analytics/#course-detail-section,	Count : 570 )
( current_url : http://mahact.com/,	Count : 565 )
( current_url : https://company.com/programs/digital-marketing/?utm_source=Instapage&utm_medium=Thankyoupage&utm_term=DM_Instapage_MLP&utm_content=DM_Instapage_MLP&utm_campaign=DM_Instapage_MLP,	Count : 528 )
( current_url : https://company.com/programs/product-management/?utm_source=Facebook&utm_medium=Paid_Social&utm_campaign=PM_Sep_2016_CTWD&utm_term=TakeTheFirstStep-3_PM_Sep_2016_CTWD_PMLookalike1_25_30_LinkAd_18Aug2016&utm_content=PM_Sep_2016_CTWD_PMLookalike1_25_30&utm_i,	Count : 527 )
( current_url : https://company.com/programs/data-analytics/payment/,	Count : 495 )
( current_url : https://company.com/programs/android/?utm_source=Facebook&utm_medium=Paid_social&utm_campaign=AD_Sep_2016_CTWD&utm_term=LaunchYourCareer-3_AD_Sep_2016_CTWD_Interest_Andriod_NonJava_22_26_LinkAd_09Aug2016&utm_content=AD_Sep_2016_CTWD_Interest_Andriod_NonJav,	Count : 407 )
( current_url : https://company.com/programs/entrepreneurship/#key-points,	Count : 404 )
( current_url : https://company.com/programs/product-management/?utm_source=Facebook&utm_medium=Paid_Social&utm_campaign=PM_Sep_2016_CTWD_Remarketing&utm_term=Build5Products-7_PM_Sep_2016_CTWD_Remarketing_AllVisitor_LinkAd_18Aug2016&utm_content=PM_Sep_2016_CTWD_Remarketin,	Count : 402 )
( current_url : https://company.com/programs/entrepreneurship/#syllabus,	Count : 397 )
( current_url : http://www.headhonchos.com/learning/campaign_leads/company?siteid=fbup,	Count : 381 )
###########################################################



initial_referrers : 

( initial_referrer : google.co.in,	Count : 34184 )
( initial_referrer : $direct,	Count : 24863 )
( initial_referrer : http:,	Count : 23911 )
( initial_referrer : facebook.com,	Count : 12082 )
( initial_referrer : google.com,	Count : 909 )
( initial_referrer : linkedin.com,	Count : 589 )
( initial_referrer : company.com,	Count : 559 )
( initial_referrer : google.co.uk,	Count : 353 )
( initial_referrer : android-app:,	Count : 349 )
( initial_referrer : t.co,	Count : 240 )
( initial_referrer : mail.google.com,	Count : 229 )
( initial_referrer : outlook.live.com,	Count : 218 )
( initial_referrer : m.facebook.com,	Count : 213 )
( initial_referrer : "https:,	Count : 206 )
( initial_referrer : entrepreneur.com,	Count : 189 )
( initial_referrer : quora.com,	Count : 179 )
( initial_referrer : in.explara.com,	Count : 171 )
( initial_referrer : google.com.sg,	Count : 155 )
( initial_referrer : company1.typeform.com,	Count : 128 )
( initial_referrer : yourstory.com,	Count : 123 )
( initial_referrer : web.facebook.com,	Count : 87 )
( initial_referrer : bing.com,	Count : 76 )
( initial_referrer : in.search.yahoo.com,	Count : 66 )
( initial_referrer : google.de,	Count : 59 )
( initial_referrer : mg.mail.yahoo.com,	Count : 57 )
( initial_referrer : google.com.np,	Count : 54 )
( initial_referrer : captcha.gecirtnotification.com,	Count : 54 )
( initial_referrer : google.ae,	Count : 52 )
( initial_referrer : googleweblight.com,	Count : 47 )
( initial_referrer : naukri.com,	Count : 44 )
( initial_referrer : youtube.com,	Count : 36 )
( initial_referrer : google.com.au,	Count : 35 )
( initial_referrer : duckduckgo.com,	Count : 30 )
( initial_referrer : techinasia.com,	Count : 29 )
( initial_referrer : google.com.hk,	Count : 29 )
( initial_referrer : google.by,	Count : 27 )
( initial_referrer : google.ca,	Count : 23 )
( initial_referrer : google.com.sa,	Count : 22 )
( initial_referrer : google.pt,	Count : 21 )
( initial_referrer : angel.co,	Count : 17 )
###########################################################



initial_referring_domains : 

( initial_referring_domain : google.co.in,	Count : 38962 )
( initial_referring_domain : $direct,	Count : 24865 )
( initial_referring_domain : facebook.com,	Count : 12082 )
( initial_referring_domain : events.company.com,	Count : 6877 )
( initial_referring_domain : iiitb.ac.in,	Count : 3769 )
( initial_referring_domain : lenskart.company.com,	Count : 2940 )
( initial_referring_domain : m.facebook.com,	Count : 1563 )
( initial_referring_domain : google.com,	Count : 1005 )
( initial_referring_domain : l.facebook.com,	Count : 731 )
( initial_referring_domain : linkedin.com,	Count : 589 )
( initial_referring_domain : company.com,	Count : 559 )
( initial_referring_domain : edtechreview.in,	Count : 423 )
( initial_referring_domain : talks.company.com,	Count : 416 )
( initial_referring_domain : google.co.uk,	Count : 362 )
( initial_referring_domain : indianonlineseller.com,	Count : 348 )
( initial_referring_domain : genpact.com,	Count : 279 )
( initial_referring_domain : com.google.android.googlequicksearchbox,	Count : 277 )
( initial_referring_domain : trc.taboola.com,	Count : 254 )
( initial_referring_domain : t.co,	Count : 249 )
( initial_referring_domain : mail.google.com,	Count : 230 )
( initial_referring_domain : outlook.live.com,	Count : 218 )
( initial_referring_domain : entrepreneur.com,	Count : 189 )
( initial_referring_domain : headhonchos.com,	Count : 189 )
( initial_referring_domain : quora.com,	Count : 179 )
( initial_referring_domain : rc.xduce.com:81,	Count : 175 )
( initial_referring_domain : google.com.sg,	Count : 173 )
( initial_referring_domain : in.explara.com,	Count : 171 )
( initial_referring_domain : api.taboola.com,	Count : 165 )
( initial_referring_domain : bing.com,	Count : 136 )
( initial_referring_domain : company1.typeform.com,	Count : 128 )
( initial_referring_domain : yourstory.com,	Count : 124 )
( initial_referring_domain : digitaldeepak.com,	Count : 123 )
( initial_referring_domain : openx.yourstory.com,	Count : 116 )
( initial_referring_domain : timesjobs.com,	Count : 108 )
( initial_referring_domain : googleadservices.com,	Count : 100 )
( initial_referring_domain : businessinsider.in,	Count : 96 )
( initial_referring_domain : web.facebook.com,	Count : 87 )
( initial_referring_domain : lnkd.in,	Count : 74 )
( initial_referring_domain : com.linkedin.android,	Count : 72 )
( initial_referring_domain : blog.company.com,	Count : 72 )
###########################################################



operating systems : 

( operating system : Windows,	Count : 58363 )
( operating system : Android,	Count : 25060 )
( operating system : Mac OS X,	Count : 9790 )
( operating system : iOS,	Count : 4104 )
( operating system : Linux,	Count : 2676 )
( operating system : ,	Count : 493 )
( operating system : Windows Phone,	Count : 404 )
( operating system : BlackBerry,	Count : 127 )
###########################################################



referrers : 

( referrer : https://www.google.co.in/,	Count : 22615 )
( referrer : ,	Count : 20732 )
( referrer : https://company.com/,	Count : 11742 )
( referrer : https://www.facebook.com/,	Count : 7315 )
( referrer : http://www.iiitb.ac.in/programs/pg-diploma-data-analytics,	Count : 1859 )
( referrer : https://company.com/applications/,	Count : 1022 )
( referrer : https://company.com/programs/data-analytics/,	Count : 982 )
( referrer : http://m.facebook.com/,	Count : 879 )
( referrer : https://company.com/programs/digital-marketing/,	Count : 818 )
( referrer : https://company.com/programs/entrepreneurship/,	Count : 699 )
( referrer : https://company.com/programs/product-management/,	Count : 628 )
( referrer : https://www.google.co.in,	Count : 605 )
( referrer : https://company.com/programs/data-analytics/apply/,	Count : 592 )
( referrer : https://www.google.com/,	Count : 480 )
( referrer : https://company.com/programs/android/,	Count : 431 )
( referrer : https://company.com/careers/,	Count : 422 )
( referrer : https://company.com/programs/digital-marketing/?redirect_url=https://company.com/programs/digital-marketing/apply,	Count : 421 )
( referrer : https://company.com/programs/data-analytics/?redirect_url=https://company.com/programs/data-analytics/apply,	Count : 415 )
( referrer : https://company.com/programs/entrepreneurship/?plan=basic,	Count : 385 )
( referrer : https://company.com/programs/android/?redirect_url=https://company.com/programs/android/apply,	Count : 364 )
( referrer : https://company.com/about/,	Count : 360 )
( referrer : https://www.linkedin.com/,	Count : 348 )
( referrer : https://company.com/login/?redirect_url=https://company.com/programs/data-analytics/apply/,	Count : 348 )
( referrer : https://company.com/programs/product-management/?redirect_url=https://company.com/programs/product-management/apply,	Count : 346 )
( referrer : http://www.google.co.in/,	Count : 332 )
( referrer : https://company.com/programs/product-management/apply/,	Count : 325 )
( referrer : https://www.facebook.com,	Count : 321 )
( referrer : https://www.company.com/,	Count : 305 )
( referrer : http://m.facebook.com,	Count : 297 )
( referrer : https://company1.typeform.com/to/sCDydk,	Count : 293 )
( referrer : https://company.com/programs/data-analytics/payment/,	Count : 236 )
( referrer : android-app://com.google.android.googlequicksearchbox,	Count : 228 )
( referrer : https://company.com/programs/entrepreneurship/?redirect_url=https://company.com/programs/entrepreneurship/apply?plan=advanced,	Count : 210 )
( referrer : https://company.com/login/?redirect_url=https://company.com/programs/entrepreneurship/apply?plan=basic,	Count : 205 )
( referrer : https://company.com/contact/,	Count : 201 )
( referrer : https://company.com/programs/entrepreneurship/?plan=advanced,	Count : 200 )
( referrer : https://company.com/programs/digital-marketing/apply/,	Count : 200 )
( referrer : http://www.genpact.com/about-us/media/press-releases/2016-genpact-and-company-to-address-data-scientist-talent-gap-by-upskilling-working-professionals,	Count : 192 )
( referrer : http://edtechreview.in/trends-insights/trends/2129-education-technology-india-funding,	Count : 189 )
( referrer : http://lenskart.company.com/?utm_source=Lenskart&utm_medium=SMS&utm_term=SWU_Lenskart&utm_content=SWU_Lenskart&utm_campaign=SWU_Lenskart,	Count : 167 )
###########################################################



referring_domains : 

( referring_domain : www.google.co.in,	Count : 27747 )
( referring_domain : company.com,	Count : 27276 )
( referring_domain : ,	Count : 20734 )
( referring_domain : www.facebook.com,	Count : 7800 )
( referring_domain : events.company.com,	Count : 5376 )
( referring_domain : lenskart.company.com,	Count : 1893 )
( referring_domain : www.iiitb.ac.in,	Count : 1862 )
( referring_domain : m.facebook.com,	Count : 1311 )
( referring_domain : l.facebook.com,	Count : 733 )
( referring_domain : www.google.com,	Count : 680 )
( referring_domain : www.company.com,	Count : 408 )
( referring_domain : www.linkedin.com,	Count : 355 )
( referring_domain : company1.typeform.com,	Count : 318 )
( referring_domain : talks.company.com,	Count : 292 )
( referring_domain : secure.payu.in,	Count : 247 )
( referring_domain : com.google.android.googlequicksearchbox,	Count : 235 )
( referring_domain : indianonlineseller.com,	Count : 222 )
( referring_domain : www.genpact.com,	Count : 192 )
( referring_domain : edtechreview.in,	Count : 189 )
( referring_domain : www.quora.com,	Count : 180 )
( referring_domain : mail.google.com,	Count : 160 )
( referring_domain : tpc.googlesyndication.com,	Count : 144 )
( referring_domain : www.entrepreneur.com,	Count : 137 )
( referring_domain : www.google.co.uk,	Count : 134 )
( referring_domain : api.taboola.com,	Count : 131 )
( referring_domain : www.headhonchos.com,	Count : 128 )
( referring_domain : t.co,	Count : 122 )
( referring_domain : www.timesjobs.com,	Count : 99 )
( referring_domain : blog.company.com,	Count : 94 )
( referring_domain : outlook.live.com,	Count : 91 )
( referring_domain : in.explara.com,	Count : 83 )
( referring_domain : yourstory.com,	Count : 75 )
( referring_domain : digitaldeepak.com,	Count : 72 )
( referring_domain : www.bing.com,	Count : 72 )
( referring_domain : web.facebook.com,	Count : 66 )
( referring_domain : com.linkedin.android,	Count : 61 )
( referring_domain : lnkd.in,	Count : 59 )
( referring_domain : www.google.com.sg,	Count : 58 )
( referring_domain : captcha.gecirtnotification.com,	Count : 52 )
( referring_domain : business.company.com,	Count : 42 )
###########################################################



regions : 

( region : Maharashtra,	Count : 24963 )
( region : Karnataka,	Count : 13343 )
( region : ,	Count : 11014 )
( region : Telangana,	Count : 7990 )
( region : National Capital Territory of Delhi,	Count : 6843 )
( region : California,	Count : 4390 )
( region : Gujarat,	Count : 4073 )
( region : West Bengal,	Count : 3903 )
( region : Uttar Pradesh,	Count : 3396 )
( region : Haryana,	Count : 3302 )
( region : Tamil Nadu,	Count : 3063 )
( region : Central Singapore Community Development Council,	Count : 1595 )
( region : Rajasthan,	Count : 1555 )
( region : Madhya Pradesh,	Count : 1505 )
( region : Kerala,	Count : 1146 )
( region : Andhra Pradesh,	Count : 1117 )
( region : State of Punjab,	Count : 837 )
( region : Odisha,	Count : 403 )
( region : Daerah Khusus Ibukota Jakarta,	Count : 343 )
( region : State of Himachal Pradesh,	Count : 336 )
( region : Chandigarh,	Count : 330 )
( region : Uttarakhand,	Count : 263 )
( region : Florida,	Count : 255 )
( region : Bihar,	Count : 238 )
( region : England,	Count : 205 )
( region : New York,	Count : 195 )
( region : Virginia,	Count : 191 )
( region : State of Jharkhand,	Count : 184 )
( region : Illinois,	Count : 181 )
( region : Dubai,	Count : 180 )
( region : State of Chhattisgarh,	Count : 177 )
( region : New Jersey,	Count : 169 )
( region : Texas,	Count : 168 )
( region : Kashmir,	Count : 167 )
( region : Oregon,	Count : 162 )
( region : Assam,	Count : 159 )
( region : Goa,	Count : 148 )
( region : Dublin City,	Count : 90 )
( region : Ontario,	Count : 87 )
( region : Massachusetts,	Count : 72 )
###########################################################



Courses : 

( Course : ,	Count : 53493 )
( Course : Entrepreneurship,	Count : 13585 )
( Course : Digital Marketing,	Count : 10979 )
( Course : Product Management,	Count : 9137 )
( Course : Data Analytics,	Count : 7906 )
( Course : Android,	Count : 5644 )
( Course : digital-marketing,	Count : 80 )
( Course : PG Diploma in Data Analytics- Demo,	Count : 55 )
( Course : data-driven-management,	Count : 44 )
( Course : Stay upto date,	Count : 41 )
( Course : Digital Marketing - Demo Login,	Count : 26 )
( Course : angel-investing,	Count : 8 )
( Course : product-management,	Count : 7 )
( Course : android,	Count : 4 )
( Course : PG Diploma in Data Analytics- May 2016,	Count : 3 )
( Course : Digital Marketing August 2016,	Count : 2 )
( Course : Startup with company June 2016,	Count : 1 )
( Course : Startup with company Demo,	Count : 1 )
( Course : Product Management July 2016,	Count : 1 )
###########################################################



LatestUTMCampaigns : 

( LatestUTMCampaign : ,	Count : 56346 )
( LatestUTMCampaign : Search_Brand,	Count : 5323 )
( LatestUTMCampaign : SUWU_Instapage_Workshop_25Aug,	Count : 3786 )
( LatestUTMCampaign : IIITB_Website,	Count : 3765 )
( LatestUTMCampaign : PM_Sep_2016_CTWD,	Count : 3625 )
( LatestUTMCampaign : AD_Sep_2016_CTWD,	Count : 3265 )
( LatestUTMCampaign : Lenskart_Scholarship_PostForm_Submission,	Count : 2691 )
( LatestUTMCampaign : company_Brand,	Count : 2362 )
( LatestUTMCampaign : SUWU_Instapage_Conclave_25Sept,	Count : 1955 )
( LatestUTMCampaign : PM_Sep_2016_CTWD_Remarketing,	Count : 1557 )
( LatestUTMCampaign : DM_Instapage_MLP,	Count : 1073 )
( LatestUTMCampaign : DM_Nov_2016_CTWD,	Count : 1060 )
( LatestUTMCampaign : PM_Display_Remarketing,	Count : 1003 )
( LatestUTMCampaign : SWU_Sept_2016_CTWD_Remarketing,	Count : 899 )
( LatestUTMCampaign : DM_Nov_2016_CTWD_Remarketing,	Count : 826 )
( LatestUTMCampaign : PM_Instapage_KapilKhoslaWebinar,	Count : 775 )
( LatestUTMCampaign : DM_Oct_2016_QUIZ,	Count : 574 )
( LatestUTMCampaign : DM_Instapage_Workshop28July,	Count : 567 )
( LatestUTMCampaign : SWU_Sept_2016,	Count : 536 )
( LatestUTMCampaign : PM_Generic_Course,	Count : 452 )
( LatestUTMCampaign : PM_Instapage_Workshop6Aug,	Count : 444 )
( LatestUTMCampaign : SWU_Sept_2016_SuccessStories_VVM,	Count : 394 )
( LatestUTMCampaign : DA2_Launch_Mail,	Count : 375 )
( LatestUTMCampaign : companyConnect_Instapage,	Count : 352 )
( LatestUTMCampaign : DA_Webinar_31stAug_ThankYou,	Count : 352 )
( LatestUTMCampaign : Talks_PR,	Count : 346 )
( LatestUTMCampaign : Lenskart_company_Scholarship_Aug16,	Count : 317 )
( LatestUTMCampaign : buffer,	Count : 309 )
( LatestUTMCampaign : facebook_fanpage_ctabutton,	Count : 307 )
( LatestUTMCampaign : SWUProgramSiteLink,	Count : 290 )
( LatestUTMCampaign : DA2_Launch_Mail2,	Count : 283 )
( LatestUTMCampaign : SWU_Sept_2016_QWEEN,	Count : 233 )
( LatestUTMCampaign : AD_Sep_2016_CTWD_Remarketing,	Count : 213 )
( LatestUTMCampaign : DM_Aug_2016_CTWD,	Count : 208 )
( LatestUTMCampaign : PM_Contextual_Taboola,	Count : 194 )
( LatestUTMCampaign : DM_DigitalDeepak_Blog,	Count : 188 )
( LatestUTMCampaign : PMProgramSiteLink,	Count : 181 )
( LatestUTMCampaign : SWU_Tie_Mail1,	Count : 178 )
( LatestUTMCampaign : companyTalks_RajdeepSardesai_Sept13,	Count : 168 )
( LatestUTMCampaign : PM_July_2016,	Count : 155 )
###########################################################



LatestUTMContents : 

( LatestUTMContent : ,	Count : 57178 )
( LatestUTMContent : Search_Brand,	Count : 5333 )
( LatestUTMContent : SUWU_Instapage_Workshop_25Aug,	Count : 3834 )
( LatestUTMContent : IIITB_Website,	Count : 3775 )
( LatestUTMContent : Lenskart_Scholarship_PostForm_Submission,	Count : 2691 )
( LatestUTMContent : company_brand,	Count : 2347 )
( LatestUTMContent : SUWU_Instapage_Conclave_25Sept,	Count : 1958 )
( LatestUTMContent : AD_Sep_2016_CTWD_Interest_ADLookalike1_22_26,	Count : 1405 )
( LatestUTMContent : PM_Sep_2016_CTWD_PMLookalike1_25_30,	Count : 1120 )
( LatestUTMContent : DM_Instapage_MLP,	Count : 1080 )
( LatestUTMContent : PM_Sep_2016_CTWD_Remarketing_AllVisitor,	Count : 941 )
( LatestUTMContent : PM_Instapage_KapilKhoslaWebinar,	Count : 780 )
( LatestUTMContent : PM_Sep_2016_CTWD_PMLookalike1_31_40,	Count : 743 )
( LatestUTMContent : DM_Instapage_Workshop28July,	Count : 587 )
( LatestUTMContent : DM_Oct_2016_QUIZ,	Count : 574 )
( LatestUTMContent : DM_Nov_2016_CTWD_Remarketing_AllVisitor,	Count : 572 )
( LatestUTMContent : AD_Sep_2016_CTWD_Interest_Andriod_NonJava_22_26,	Count : 556 )
( LatestUTMContent : AD_Sep_2016_CTWD_Andriod_Developers_Competitors_20_26,	Count : 506 )
( LatestUTMContent : PM_Generic_Course,	Count : 452 )
( LatestUTMContent : AD_Sep_2016_CTWD_Andriod_Developers_20_35,	Count : 445 )
( LatestUTMContent : PM_Instapage_Workshop6Aug,	Count : 444 )
( LatestUTMContent : PM_Sep_2016_CTWD_CollegePassout_25_30,	Count : 421 )
( LatestUTMContent : DM_Nov_2016_CTWD_Digital_Marketers_28_40,	Count : 412 )
( LatestUTMContent : PM_Sep_2016_CTWD_PMInterest_25_30,	Count : 402 )
( LatestUTMContent : DA2_Launch_Mail,	Count : 375 )
( LatestUTMContent : DM_Nov_2016_CTWD_Marketing_28_40,	Count : 359 )
( LatestUTMContent : companyConnect_Instapage_SWU,	Count : 352 )
( LatestUTMContent : DA_Webinar_31stAug_ThankYou,	Count : 352 )
( LatestUTMContent : Talks_PR,	Count : 346 )
( LatestUTMContent : Lenskart_Scholarship_KnowMore,	Count : 317 )
( LatestUTMContent : learnmore,	Count : 307 )
( LatestUTMContent : SWU_Sept_2016_CTWD_Remarketing_AllVisitor,	Count : 302 )
( LatestUTMContent : PM_All_Visitor,	Count : 291 )
( LatestUTMContent : SWUProgramSiteLink,	Count : 290 )
( LatestUTMContent : DA2_Launch_Mail2,	Count : 283 )
( LatestUTMContent : SWU_Sept_2016_SuccessStories_VVM_AllLookalike_F,	Count : 253 )
( LatestUTMContent : PM_Sep_2016_CTWD_PMInterest_31_40,	Count : 249 )
( LatestUTMContent : buffer6c83e,	Count : 247 )
( LatestUTMContent : AD_Sep_2016_CTWD_Interest_Android_College_17_22,	Count : 239 )
( LatestUTMContent : SWU_Sept_2016_QWEEN,	Count : 233 )
###########################################################



LatestUTMMediums : 

( LatestUTMMedium : ,	Count : 55915 )
( LatestUTMMedium : Paid_Social,	Count : 9503 )
( LatestUTMMedium : Thankyoupage,	Count : 9397 )
( LatestUTMMedium : search,	Count : 8871 )
( LatestUTMMedium : referral,	Count : 3776 )
( LatestUTMMedium : Paid_social,	Count : 3247 )
( LatestUTMMedium : PostForm,	Count : 2728 )
( LatestUTMMedium : Email,	Count : 2552 )
( LatestUTMMedium : display,	Count : 1244 )
( LatestUTMMedium : Content,	Count : 574 )
( LatestUTMMedium : mailer,	Count : 426 )
( LatestUTMMedium : Referal,	Count : 426 )
( LatestUTMMedium : Referral,	Count : 351 )
( LatestUTMMedium : PR_Article,	Count : 346 )
( LatestUTMMedium : Organic_Social,	Count : 326 )
( LatestUTMMedium : social,	Count : 314 )
( LatestUTMMedium : Affiliate,	Count : 214 )
( LatestUTMMedium : Affiliates,	Count : 199 )
( LatestUTMMedium : Footer,	Count : 128 )
( LatestUTMMedium : E-mail,	Count : 112 )
( LatestUTMMedium : footer,	Count : 67 )
( LatestUTMMedium : Sponsored-Article,	Count : 50 )
( LatestUTMMedium : E-Mail,	Count : 44 )
( LatestUTMMedium : FBSOCPC,	Count : 39 )
( LatestUTMMedium : email,	Count : 34 )
( LatestUTMMedium : Display,	Count : 29 )
( LatestUTMMedium : Thankyou,	Count : 17 )
( LatestUTMMedium : SheroesWebsite,	Count : 16 )
( LatestUTMMedium : Blog,	Count : 16 )
( LatestUTMMedium : organic_social,	Count : 11 )
( LatestUTMMedium : mpa,	Count : 11 )
( LatestUTMMedium : ebook,	Count : 10 )
( LatestUTMMedium : Landing Page,	Count : 8 )
( LatestUTMMedium : cpc,	Count : 5 )
( LatestUTMMedium : company,	Count : 4 )
( LatestUTMMedium : Facebook_Paid_Social,	Count : 4 )
( LatestUTMMedium : ArticleFooter,	Count : 2 )
( LatestUTMMedium : a3poster,	Count : 1 )
###########################################################



LatestUTMSources : 

( LatestUTMSource : ,	Count : 55912 )
( LatestUTMSource : Facebook,	Count : 13015 )
( LatestUTMSource : google,	Count : 10107 )
( LatestUTMSource : Instapage,	Count : 9414 )
( LatestUTMSource : IIITB,	Count : 3765 )
( LatestUTMSource : Lenskart,	Count : 3028 )
( LatestUTMSource : Autopilot,	Count : 1931 )
( LatestUTMSource : QUIZ,	Count : 574 )
( LatestUTMSource : Mailer,	Count : 426 )
( LatestUTMSource : IOS,	Count : 426 )
( LatestUTMSource : linkedin.com,	Count : 307 )
( LatestUTMSource : EntrepreneurIndia,	Count : 252 )
( LatestUTMSource : QWEEN,	Count : 233 )
( LatestUTMSource : Taboola,	Count : 203 )
( LatestUTMSource : DigitalDeepak,	Count : 188 )
( LatestUTMSource : Headhonchos,	Count : 171 )
( LatestUTMSource : Mandrill,	Count : 171 )
( LatestUTMSource : Salesforce,	Count : 150 )
( LatestUTMSource : companyTalks,	Count : 128 )
( LatestUTMSource : Entrepreneur India,	Count : 94 )
( LatestUTMSource : blog,	Count : 64 )
( LatestUTMSource : YourStory,	Count : 55 )
( LatestUTMSource : headhonchos,	Count : 43 )
( LatestUTMSource : Fb-Sok,	Count : 39 )
( LatestUTMSource : Shopclues,	Count : 37 )
( LatestUTMSource : Blog,	Count : 30 )
( LatestUTMSource : IIITB_Facebook,	Count : 28 )
( LatestUTMSource : Sheroes,	Count : 16 )
( LatestUTMSource : LinkedIn,	Count : 13 )
( LatestUTMSource : Linkedin,	Count : 12 )
( LatestUTMSource : HTMedia,	Count : 11 )
( LatestUTMSource : taboola,	Count : 11 )
( LatestUTMSource : wikipedia,	Count : 11 )
( LatestUTMSource : Naukri,	Count : 10 )
( LatestUTMSource : AIM,	Count : 10 )
( LatestUTMSource : dm_aug2016_ebook,	Count : 10 )
( LatestUTMSource : Autpoliot,	Count : 9 )
( LatestUTMSource : autopilot,	Count : 9 )
( LatestUTMSource : LandingPageApplyNowDA,	Count : 9 )
( LatestUTMSource : DM-LP,	Count : 8 )
###########################################################



PageTitles : 

( PageTitle : Digital Marketing Program Page,	Count : 27920 )
( PageTitle : Home Page,	Count : 17371 )
( PageTitle : Entrepreneurship Program Page,	Count : 12712 )
( PageTitle : ,	Count : 11922 )
( PageTitle : Product Management Program Page,	Count : 8133 )
( PageTitle : Data Analytics Program Page,	Count : 7707 )
( PageTitle : Android Program Page,	Count : 4295 )
( PageTitle : Login Page,	Count : 1586 )
( PageTitle : Careers Page,	Count : 1460 )
( PageTitle : default,	Count : 1248 )
( PageTitle : Payment,	Count : 1005 )
( PageTitle : Dashboard Page,	Count : 909 )
( PageTitle : About Page,	Count : 876 )
( PageTitle : Apply Page,	Count : 765 )
( PageTitle : Contact Page,	Count : 730 )
( PageTitle : Data Analytics Apply Page,	Count : 555 )
( PageTitle : Entrepreneurship Marketing Page,	Count : 468 )
( PageTitle : Digital Marketing Apply Page,	Count : 363 )
( PageTitle : Android Apply Page,	Count : 211 )
( PageTitle : Digital Marketing Page,	Count : 200 )
( PageTitle : Product Management Marketing Page,	Count : 171 )
( PageTitle : Payment Success,	Count : 140 )
( PageTitle : Data Analytics Marketing Page,	Count : 128 )
( PageTitle : Privacy Page,	Count : 74 )
( PageTitle : Android Development Marketing Page,	Count : 44 )
( PageTitle : Payment Failure,	Count : 18 )
( PageTitle : Android marketing Page,	Count : 5 )
( PageTitle : Digital Marketing Landing Page,	Count : 1 )
###########################################################



UserRequestedDataAnalyticsInfos : 

( UserRequestedDataAnalyticsInfo : ,	Count : 99036 )
( UserRequestedDataAnalyticsInfo : TRUE,	Count : 1981 )
###########################################################



userstartedDataAnalyticsapplications : 

( userstartedDataAnalyticsapplication : ,	Count : 97595 )
( userstartedDataAnalyticsapplication : TRUE,	Count : 3422 )
###########################################################



utm_campaigns : 

( utm_campaign : ,	Count : 56185 )
( utm_campaign : Search_Brand,	Count : 5104 )
( utm_campaign : PM_Sep_2016_CTWD,	Count : 4118 )
( utm_campaign : IIITB_Website,	Count : 4083 )
( utm_campaign : SUWU_Instapage_Workshop_25Aug,	Count : 3470 )
( utm_campaign : AD_Sep_2016_CTWD,	Count : 3300 )
( utm_campaign : Lenskart_Scholarship_PostForm_Submission,	Count : 2711 )
( utm_campaign : company_Brand,	Count : 2358 )
( utm_campaign : SUWU_Instapage_Conclave_25Sept,	Count : 1756 )
( utm_campaign : PM_Sep_2016_CTWD_Remarketing,	Count : 1122 )
( utm_campaign : DM_Nov_2016_CTWD,	Count : 1105 )
( utm_campaign : DM_Instapage_MLP,	Count : 1065 )
( utm_campaign : DM_Nov_2016_CTWD_Remarketing,	Count : 745 )
( utm_campaign : SWU_Sept_2016_CTWD_Remarketing,	Count : 717 )
( utm_campaign : DM_Instapage_Workshop28July,	Count : 572 )
( utm_campaign : DM_Aug_2016_CTWD,	Count : 558 )
( utm_campaign : PM_Instapage_KapilKhoslaWebinar,	Count : 544 )
( utm_campaign : Lenskart_company_Scholarship_Aug16,	Count : 515 )
( utm_campaign : PM_Generic_Course,	Count : 435 )
( utm_campaign : PM_Contextual_Taboola,	Count : 422 )
( utm_campaign : SWU_Sept_2016,	Count : 396 )
( utm_campaign : SWU_Sept_2016_SuccessStories_VVM,	Count : 391 )
( utm_campaign : DA2_Launch_Mail,	Count : 383 )
( utm_campaign : PM_Instapage_Workshop6Aug,	Count : 366 )
( utm_campaign : PM_Display_Remarketing,	Count : 351 )
( utm_campaign : DA_Webinar_31stAug_ThankYou,	Count : 332 )
( utm_campaign : PMProgramSiteLink,	Count : 315 )
( utm_campaign : buffer,	Count : 309 )
( utm_campaign : Talks_Footer,	Count : 304 )
( utm_campaign : DA2_Launch_Mail2,	Count : 276 )
( utm_campaign : facebook_fanpage_ctabutton,	Count : 273 )
( utm_campaign : companyConnect_Instapage,	Count : 267 )
( utm_campaign : DM_Oct_2016_QUIZ,	Count : 262 )
( utm_campaign : SWUProgramSiteLink,	Count : 228 )
( utm_campaign : PM_July_2016_CTWD,	Count : 220 )
( utm_campaign : DM_DigitalDeepak_Blog,	Count : 218 )
( utm_campaign : AD_Sep_2016_CTWD_Remarketing,	Count : 211 )
( utm_campaign : Talks_PR,	Count : 201 )
( utm_campaign : companyTalks_RajdeepSardesai_Sept13,	Count : 172 )
( utm_campaign : DataAnalytics_May16_IT_Professional_Text,	Count : 170 )
###########################################################



utm_contents : 

( utm_content : ,	Count : 57022 )
( utm_content : Search_Brand,	Count : 5123 )
( utm_content : IIITB_Website,	Count : 4084 )
( utm_content : SUWU_Instapage_Workshop_25Aug,	Count : 3491 )
( utm_content : Lenskart_Scholarship_PostForm_Submission,	Count : 2711 )
( utm_content : company_brand,	Count : 2308 )
( utm_content : SUWU_Instapage_Conclave_25Sept,	Count : 1758 )
( utm_content : AD_Sep_2016_CTWD_Interest_ADLookalike1_22_26,	Count : 1386 )
( utm_content : PM_Sep_2016_CTWD_PMLookalike1_25_30,	Count : 1276 )
( utm_content : DM_Instapage_MLP,	Count : 1068 )
( utm_content : PM_Sep_2016_CTWD_PMLookalike1_31_40,	Count : 863 )
( utm_content : PM_Sep_2016_CTWD_Remarketing_AllVisitor,	Count : 691 )
( utm_content : DM_Instapage_Workshop28July,	Count : 573 )
( utm_content : AD_Sep_2016_CTWD_Interest_Andriod_NonJava_22_26,	Count : 567 )
( utm_content : PM_Instapage_KapilKhoslaWebinar,	Count : 551 )
( utm_content : AD_Sep_2016_CTWD_Andriod_Developers_Competitors_20_26,	Count : 525 )
( utm_content : Lenskart_Scholarship_KnowMore,	Count : 515 )
( utm_content : DM_Nov_2016_CTWD_Remarketing_AllVisitor,	Count : 510 )
( utm_content : PM_Sep_2016_CTWD_CollegePassout_25_30,	Count : 488 )
( utm_content : PM_Generic_Course,	Count : 435 )
( utm_content : AD_Sep_2016_CTWD_Andriod_Developers_20_35,	Count : 432 )
( utm_content : DM_Nov_2016_CTWD_Digital_Marketers_28_40,	Count : 428 )
( utm_content : PM_Sep_2016_CTWD_PMInterest_25_30,	Count : 406 )
( utm_content : PM_Instapage_Workshop6Aug,	Count : 396 )
( utm_content : DA2_Launch_Mail,	Count : 383 )
( utm_content : DM_Nov_2016_CTWD_Marketing_28_40,	Count : 364 )
( utm_content : DA_Webinar_31stAug_ThankYou,	Count : 347 )
( utm_content : PMProgramSiteLink,	Count : 316 )
( utm_content : Talks_Footer,	Count : 304 )
( utm_content : learnmore,	Count : 281 )
( utm_content : DA2_Launch_Mail2,	Count : 276 )
( utm_content : SWU_Sept_2016_CTWD_Remarketing_AllVisitor,	Count : 270 )
( utm_content : companyConnect_Instapage_SWU,	Count : 267 )
( utm_content : DM_Oct_2016_QUIZ,	Count : 264 )
( utm_content : SWU_Sept_2016_SuccessStories_VVM_AllLookalike_F,	Count : 255 )
( utm_content : buffer6c83e,	Count : 247 )
( utm_content : AD_Sep_2016_CTWD_Interest_Android_College_17_22,	Count : 243 )
( utm_content : SWUProgramSiteLink,	Count : 228 )
( utm_content : DM_DigitalDeepak_Blog,	Count : 218 )
( utm_content : PM_Sep_2016_CTWD_PMInterest_31_40,	Count : 217 )
###########################################################



utm_mediums : 

( utm_medium : ,	Count : 55754 )
( utm_medium : Paid_Social,	Count : 10726 )
( utm_medium : search,	Count : 8775 )
( utm_medium : Thankyoupage,	Count : 8630 )
( utm_medium : referral,	Count : 4098 )
( utm_medium : Paid_social,	Count : 3189 )
( utm_medium : PostForm,	Count : 2742 )
( utm_medium : Email,	Count : 2371 )
( utm_medium : display,	Count : 691 )
( utm_medium : Referral,	Count : 552 )
( utm_medium : Referal,	Count : 521 )
( utm_medium : mailer,	Count : 416 )
( utm_medium : Footer,	Count : 338 )
( utm_medium : social,	Count : 308 )
( utm_medium : Organic_Social,	Count : 293 )
( utm_medium : Content,	Count : 262 )
( utm_medium : Affiliates,	Count : 221 )
( utm_medium : PR_Article,	Count : 201 )
( utm_medium : E-mail,	Count : 126 )
( utm_medium : Article,	Count : 94 )
( utm_medium : E-Mail,	Count : 77 )
( utm_medium : ArticleFooter,	Count : 65 )
( utm_medium : email,	Count : 63 )
( utm_medium : Thankyou,	Count : 59 )
( utm_medium : Sponsored-Article,	Count : 57 )
( utm_medium : Affiliate,	Count : 54 )
( utm_medium : mpa,	Count : 50 )
( utm_medium : FBSOCPC,	Count : 43 )
( utm_medium : Blog,	Count : 36 )
( utm_medium : footer,	Count : 36 )
( utm_medium : Facebook_Paid_Social,	Count : 33 )
( utm_medium : cpc,	Count : 26 )
( utm_medium : Display,	Count : 25 )
( utm_medium : leadgen,	Count : 23 )
( utm_medium : company,	Count : 19 )
( utm_medium : organic_social,	Count : 16 )
( utm_medium : newlead,	Count : 10 )
( utm_medium : Landing Page,	Count : 8 )
( utm_medium : gif_banner,	Count : 6 )
( utm_medium : SheroesWebsite,	Count : 2 )
###########################################################



utm_sources : 

( utm_source : ,	Count : 55751 )
( utm_source : Facebook,	Count : 14009 )
( utm_source : google,	Count : 9327 )
( utm_source : Instapage,	Count : 8689 )
( utm_source : IIITB,	Count : 4083 )
( utm_source : Lenskart,	Count : 3246 )
( utm_source : Autopilot,	Count : 1755 )
( utm_source : Taboola,	Count : 434 )
( utm_source : Mailer,	Count : 416 )
( utm_source : IOS,	Count : 392 )
( utm_source : companyTalks,	Count : 338 )
( utm_source : linkedin.com,	Count : 302 )
( utm_source : QUIZ,	Count : 262 )
( utm_source : DigitalDeepak,	Count : 218 )
( utm_source : EntrepreneurIndia,	Count : 201 )
( utm_source : LinkedIn,	Count : 194 )
( utm_source : YourStory,	Count : 174 )
( utm_source : Mandrill,	Count : 126 )
( utm_source : Netcore,	Count : 123 )
( utm_source : Blog,	Count : 113 )
( utm_source : Salesforce,	Count : 105 )
( utm_source : QWEEN,	Count : 100 )
( utm_source : companyntrepreneurshipProgram,	Count : 94 )
( utm_source : Linkedin,	Count : 76 )
( utm_source : Rage,	Count : 57 )
( utm_source : headhonchos,	Count : 43 )
( utm_source : Fb-Sok,	Count : 43 )
( utm_source : Shopclues,	Count : 31 )
( utm_source : blog,	Count : 31 )
( utm_source : IIITB_Facebook,	Count : 29 )
( utm_source : nextbigwhat,	Count : 27 )
( utm_source : facebook,	Count : 18 )
( utm_source : Naukri,	Count : 15 )
( utm_source : taboola,	Count : 15 )
( utm_source : HTMedia,	Count : 14 )
( utm_source : gu,	Count : 13 )
( utm_source : wikipedia,	Count : 13 )
( utm_source : Headhonchos,	Count : 11 )
( utm_source : emailer,	Count : 10 )
( utm_source : AIM,	Count : 10 )
###########################################################



utm_terms : 

( utm_term : ,	Count : 58102 )
( utm_term : Search_Brand,	Count : 5127 )
( utm_term : IIITB_Website>https://company.com/programs/data-analytics?utm_source=IIITB,	Count : 4093 )
( utm_term : SUWU_Instapage_Workshop_25Aug,	Count : 3524 )
( utm_term : Lenskart_Scholarship_PostForm_Submission,	Count : 2791 )
( utm_term : brand_text_ad,	Count : 2310 )
( utm_term : SUWU_Instapage_Conclave_25Sept,	Count : 1765 )
( utm_term : LaunchYourCareer-0_AD_Sep_2016_CTWD_Interest_ADLookalike1_22_26_LinkAd_09Aug2016,	Count : 1384 )
( utm_term : DM_Instapage_MLP,	Count : 1068 )
( utm_term : TakeTheFirstStep-3_PM_Sep_2016_CTWD_PMLookalike1_25_30_LinkAd_18Aug2016,	Count : 924 )
( utm_term : LaunchYourCareer-3_AD_Sep_2016_CTWD_Interest_Andriod_NonJava_22_26_LinkAd_09Aug2016,	Count : 660 )
( utm_term : TakeTheFirstStep-1_PM_Sep_2016_CTWD_PMLookalike1_31_40_LinkAd_18Aug2016,	Count : 610 )
( utm_term : DM_Instapage_Workshop28July,	Count : 575 )
( utm_term : PM_Instapage_KapilKhoslaWebinar,	Count : 553 )
( utm_term : Build5Products-7_PM_Sep_2016_CTWD_Remarketing_AllVisitor_LinkAd_18Aug2016,	Count : 521 )
( utm_term : LaunchYourCareer-5_AD_Sep_2016_CTWD_Andriod_Developers_Competitors_20_26_LinkAd_09Aug2016,	Count : 510 )
( utm_term : PM_Generic_Course,	Count : 435 )
( utm_term : LaunchYourCareer-4_AD_Sep_2016_CTWD_Andriod_Developers_20_35_LinkAd_09Aug2016,	Count : 427 )
( utm_term : companyYourDM-1_DM_Nov_2016_CTWD_Remarketing_AllVisitor_LinkAd_19Sep2016,	Count : 418 )
( utm_term : PM_Instapage_Workshop6Aug,	Count : 396 )
( utm_term : DA2_Launch_Mail,	Count : 383 )
( utm_term : companyYourDM_DM_Nov_2016_CTWD_Digital_Marketers_28_40,	Count : 380 )
( utm_term : TakeTheFirstStep-21_PM_Sep_2016_CTWD_CollegePassout_25_30_LinkAd_18Aug2016,	Count : 372 )
( utm_term : DA_Webinar_31stAug_ThankYou,	Count : 347 )
( utm_term : companyYourDM_DM_Nov_2016_CTWD_Marketing_28_40,	Count : 338 )
( utm_term : PMProgramSiteLink,	Count : 316 )
( utm_term : Talks_Footer,	Count : 304 )
( utm_term : Talks_PR,	Count : 295 )
( utm_term : DA2_Launch_Mail2,	Count : 276 )
( utm_term : companyConnect_Instapage_SWU,	Count : 267 )
( utm_term : DM_Oct_2016_QUIZ,	Count : 265 )
( utm_term : SWU_Sept_2016_SuccessStories_VVM_AllLookalike_F,	Count : 255 )
( utm_term : TrainedStats-1_SWU_Sept_2016_CTWD_Remarketing_AllVisitor_LinkAd_20Sep2016,	Count : 254 )
( utm_term : TakeTheFirstStep-29_PM_Sep_2016_CTWD_PMInterest_25_30_LinkAd_18Aug2016,	Count : 239 )
( utm_term : SWU_Sept_2016_CTWD_Remarketing_SWU_AllLeads_AllCohorts,	Count : 238 )
( utm_term : SWUProgramSiteLink,	Count : 228 )
( utm_term : LaunchYourCareer-2_AD_Sep_2016_CTWD_Interest_Android_College_17_22_LinkAd_09Aug2016,	Count : 219 )
( utm_term : DM_DigitalDeepak_Blog,	Count : 218 )
( utm_term : PM_Instapage_Conclave_27Aug,	Count : 194 )
( utm_term : PM_Contextual_Taboola_NewCareer,	Count : 185 )
###########################################################



End Time : Some(Tue Jul 18 22:07:54 IST 2017)
